<?xml version="1.0" encoding="UTF-8"?>
<!-- Generated by org.testng.reporters.JUnitReportReporter -->
<testsuite skipped="0" hostname="DESKTOP-O97AD17" name="PlaceHolder.PlaceHolder.AppTest" tests="1" failures="0" timestamp="2022-02-09T01:29:46 EET" time="5.101" errors="0">
  <testcase name="testApp" time="5.101" classname="PlaceHolder.PlaceHolder.AppTest"/>
  <system-out/>
</testsuite> <!-- PlaceHolder.PlaceHolder.AppTest -->
