<?xml version="1.0" encoding="UTF-8"?>
<!-- Generated by org.testng.reporters.JUnitReportReporter -->
<testsuite skipped="0" hostname="DESKTOP-O97AD17" name="PlaceHolder.PlaceHolder.GetUserIdTest" tests="1" failures="0" timestamp="2022-02-09T03:41:50 EET" time="8.637" errors="0">
  <testcase name="testApp" time="8.637" classname="PlaceHolder.PlaceHolder.GetUserIdTest"/>
  <system-out/>
</testsuite> <!-- PlaceHolder.PlaceHolder.GetUserIdTest -->
