<?xml version="1.0" encoding="UTF-8"?>
<!-- Generated by org.testng.reporters.JUnitReportReporter -->
<testsuite skipped="1" hostname="DESKTOP-O97AD17" name="PlaceHolder.Tests.GetUserIdTest" tests="2" failures="0" timestamp="2022-02-09T06:12:07 EET" time="10.509" errors="0">
  <testcase name="getPostsWithUserId" time="10.509" classname="PlaceHolder.Tests.GetUserIdTest"/>
  <system-out/>
  <testcase name="getUserID" classname="PlaceHolder.Tests.GetUserIdTest">
    <skipped/>
  </testcase> <!-- getUserID -->
  <system-out/>
</testsuite> <!-- PlaceHolder.Tests.GetUserIdTest -->
